c:\users\valter\desktop\spectrometer\thormotor\debug\motors.pch
c:\users\valter\desktop\spectrometer\thormotor\debug\vc120.pdb
c:\users\valter\desktop\spectrometer\thormotor\debug\vc120.idb
c:\users\valter\desktop\spectrometer\thormotor\debug\stdafx.obj
c:\users\valter\desktop\spectrometer\thormotor\debug\commandview.obj
c:\users\valter\desktop\spectrometer\thormotor\debug\data.obj
c:\users\valter\desktop\spectrometer\thormotor\debug\dumpview.obj
c:\users\valter\desktop\spectrometer\thormotor\debug\mainfrm.obj
c:\users\valter\desktop\spectrometer\thormotor\debug\mccard.obj
c:\users\valter\desktop\spectrometer\thormotor\debug\motors.obj
c:\users\valter\desktop\spectrometer\thormotor\debug\motorsdoc.obj
c:\users\valter\desktop\spectrometer\thormotor\debug\motorsview.obj
c:\users\valter\desktop\spectrometer\thormotor\debug\savedlg.obj
c:\users\valter\desktop\spectrometer\thormotor\debug\thormotor.obj
c:\users\valter\desktop\spectrometer\thormotor\debug\workerthread.obj
c:\users\valter\desktop\spectrometer\thormotor\debug\workerthreadinfo.obj
c:\users\valter\desktop\spectrometer\thormotor\debug\wspec.obj
c:\users\valter\desktop\spectrometer\thormotor\debug\motors.ilk
c:\users\valter\desktop\spectrometer\thormotor\debug\motors.exe
c:\users\valter\desktop\spectrometer\thormotor\debug\motors.pdb
c:\users\valter\desktop\spectrometer\thormotor\debug\motors.res
c:\users\valter\desktop\spectrometer\thormotor\.\debug\motors.exe
c:\users\valter\desktop\spectrometer\thormotor\debug\motors.tlog\cl.command.1.tlog
c:\users\valter\desktop\spectrometer\thormotor\debug\motors.tlog\cl.read.1.tlog
c:\users\valter\desktop\spectrometer\thormotor\debug\motors.tlog\cl.write.1.tlog
c:\users\valter\desktop\spectrometer\thormotor\debug\motors.tlog\link.command.1.tlog
c:\users\valter\desktop\spectrometer\thormotor\debug\motors.tlog\link.read.1.tlog
c:\users\valter\desktop\spectrometer\thormotor\debug\motors.tlog\link.write.1.tlog
c:\users\valter\desktop\spectrometer\thormotor\debug\motors.tlog\rc.command.1.tlog
c:\users\valter\desktop\spectrometer\thormotor\debug\motors.tlog\rc.read.1.tlog
c:\users\valter\desktop\spectrometer\thormotor\debug\motors.tlog\rc.write.1.tlog
