Build started 4/5/2017 6:49:47 PM.
     1>Project "C:\Users\Valter\Desktop\Spectrometer\ThorMotor\Motors.vcxproj" on node 2 (Build target(s)).
     1>ClCompile:
         C:\Program Files\Microsoft Visual Studio 12.0\VC\bin\CL.exe /c /ZI /nologo /W3 /WX- /Od /Oy- /D WIN32 /D _DEBUG /D _WINDOWS /D _VC80_UPGRADE=0x0600 /D _UNICODE /D UNICODE /D _AFXDLL /Gm /EHsc /RTC1 /MDd /GS /Gy- /fp:precise /Zc:wchar_t /Zc:forScope /Yu"stdafx.h" /Fp".\Debug\Motors.pch" /Fo".\Debug\\" /Fd".\Debug\vc120.pdb" /Gd /TP /analyze- /errorReport:prompt DumpView.cpp
         DumpView.cpp
     1>c:\users\valter\desktop\spectrometer\thormotor\dumpview.cpp(147): warning C4996: 'swprintf': swprintf has been changed to conform with the ISO C standard, adding an extra character count parameter. To use traditional Microsoft swprintf, set _CRT_NON_CONFORMING_SWPRINTFS.
                 c:\program files\microsoft visual studio 12.0\vc\include\swprintf.inl(85) : see declaration of 'swprintf'
       Link:
         C:\Program Files\Microsoft Visual Studio 12.0\VC\bin\link.exe /ERRORREPORT:PROMPT /OUT:".\Debug\Motors.exe" /INCREMENTAL /NOLOGO mcapi32.lib mcdlg32.lib /MANIFEST /MANIFESTUAC:"level='asInvoker' uiAccess='false'" /manifest:embed /manifestinput:"C:\Program Files\Microsoft Visual Studio 12.0\VC\Include\Manifest\dpiaware.manifest" /DEBUG /PDB:".\Debug\Motors.pdb" /SUBSYSTEM:WINDOWS /TLBID:1 /ENTRY:"wWinMainCRTStartup" /DYNAMICBASE /NXCOMPAT /IMPLIB:".\Debug\Motors.lib" /MACHINE:X86 /SAFESEH .\Debug\Motors.res
         .\Debug\CommandView.obj
         .\Debug\Data.obj
         .\Debug\DumpView.obj
         .\Debug\MainFrm.obj
         .\Debug\MCcard.obj
         .\Debug\Motors.obj
         .\Debug\MotorsDoc.obj
         .\Debug\MotorsView.obj
         .\Debug\SaveDlg.obj
         .\Debug\StdAfx.obj
         .\Debug\ThorMotor.obj
         .\Debug\Workerthread.obj
         .\Debug\WorkerThreadInfo.obj
         .\Debug\WSpec.obj
         NIDAQmx.lib
         Pvcam32.lib
         Motors.vcxproj -> C:\Users\Valter\Desktop\Spectrometer\ThorMotor\.\Debug\Motors.exe
     1>Done Building Project "C:\Users\Valter\Desktop\Spectrometer\ThorMotor\Motors.vcxproj" (Build target(s)).

Build succeeded.

Time Elapsed 00:00:01.05
